<?xml version="1.0" encoding="UTF-8"?>
<!-- Generated by org.testng.reporters.JUnitReportReporter -->
<testsuite hostname="Abhishek" failures="0" tests="1" name="demo.SampleTest" time="0.011" errors="0" timestamp="2024-05-22T20:07:40 IST" skipped="0">
  <testcase classname="demo.SampleTest" name="test" time="0.011"/>
  <system-out/>
</testsuite> <!-- demo.SampleTest -->
