<?xml version="1.0" encoding="UTF-8"?>
<!-- Generated by org.testng.reporters.JUnitReportReporter -->
<testsuite hostname="Abhishek" failures="0" tests="1" name="extentreports.ToLearnExtentReports" time="0.842" errors="0" timestamp="2024-06-05T11:37:54 IST" skipped="0">
  <testcase classname="extentreports.ToLearnExtentReports" name="report" time="0.842"/>
  <system-out/>
</testsuite> <!-- extentreports.ToLearnExtentReports -->
