<?xml version="1.0" encoding="UTF-8"?>
<!-- Generated by org.testng.reporters.JUnitReportReporter -->
<testsuite hostname="Abhishek" failures="0" tests="1" name="extentreports.AttachScreenshot" time="7.768" errors="0" timestamp="2024-06-05T11:41:52 IST" skipped="0">
  <testcase classname="extentreports.AttachScreenshot" name="screenshot" time="7.768"/>
  <system-out/>
</testsuite> <!-- extentreports.AttachScreenshot -->
